This file contains any messages produced by compilers while
running configure, to aid debugging if configure makes a mistake.

It was created by gc configure 7.1, which was
generated by GNU Autoconf 2.61.  Invocation command line was

  $ ./configure 

## --------- ##
## Platform. ##
## --------- ##

hostname = nouvelle-2.local
uname -m = x86_64
uname -r = 14.5.0
uname -s = Darwin
uname -v = Darwin Kernel Version 14.5.0: Wed Jul 29 02:26:53 PDT 2015; root:xnu-2782.40.9~1/RELEASE_X86_64

/usr/bin/uname -p = i386
/bin/uname -X     = unknown

/bin/arch              = unknown
/usr/bin/arch -k       = unknown
/usr/convex/getsysinfo = unknown
/usr/bin/hostinfo      = Mach kernel version:
	 Darwin Kernel Version 14.5.0: Wed Jul 29 02:26:53 PDT 2015; root:xnu-2782.40.9~1/RELEASE_X86_64
Kernel configured for up to 8 processors.
4 processors are physically available.
8 processors are logically available.
Processor type: i486 (Intel 80486)
Processors active: 0 1 2 3 4 5 6 7
Primary memory available: 16.00 gigabytes
Default processor set: 408 tasks, 2088 threads, 8 processors
Load average: 1.29, Mach factor: 6.69
/bin/machine           = unknown
/usr/bin/oslevel       = unknown
/bin/universe          = unknown

PATH: /Users/peter/.rvm/gems/ruby-2.1.1/bin
PATH: /Users/peter/.rvm/gems/ruby-2.1.1@global/bin
PATH: /Users/peter/.rvm/rubies/ruby-2.1.1/bin
PATH: /Users/peter/bin/
PATH: /Users/peter/adt-bundle-mac-x86_64-20130219/sdk/tools/
PATH: /Applications/NetBeans/glassfish-3.1.2.2/bin/
PATH: /usr/local/Cellar/git/1.8.3.4/bin/
PATH: /usr/local/bin
PATH: /usr/bin
PATH: /bin
PATH: /usr/sbin
PATH: /sbin
PATH: /opt/X11/bin
PATH: /usr/texbin
PATH: /usr/bin
PATH: /bin
PATH: /usr/sbin
PATH: /sbin
PATH: /usr/local/bin
PATH: /opt/X11/bin
PATH: /usr/texbin
PATH: /Users/peter/adt-bundle-mac-x86_64-20130219/sdk/platform-tools
PATH: /Users/peter/.rvm/bin


## ----------- ##
## Core tests. ##
## ----------- ##

configure:2040: checking build system type
configure:2058: result: i386-apple-darwin14.5.0
configure:2080: checking host system type
configure:2095: result: i386-apple-darwin14.5.0
configure:2117: checking target system type
configure:2132: result: i386-apple-darwin14.5.0
configure:2163: checking GC version numbers
configure:2201: result: major=7 minor=1 
configure:2219: checking for a BSD-compatible install
configure:2275: result: /usr/bin/install -c
configure:2286: checking whether build environment is sane
configure:2329: result: yes
configure:2394: checking for gawk
configure:2424: result: no
configure:2394: checking for mawk
configure:2424: result: no
configure:2394: checking for nawk
configure:2424: result: no
configure:2394: checking for awk
configure:2410: found /usr/bin/awk
configure:2421: result: awk
configure:2432: checking whether make sets $(MAKE)
configure:2453: result: yes
configure:2637: checking whether to enable maintainer-specific portions of Makefiles
configure:2646: result: no
configure:2677: checking for style of include used by make
configure:2705: result: GNU
configure:2778: checking for gcc
configure:2794: found /usr/bin/gcc
configure:2805: result: gcc
configure:3043: checking for C compiler version
configure:3050: gcc --version >&5
Configured with: --prefix=/Applications/Xcode.app/Contents/Developer/usr --with-gxx-include-dir=/usr/include/c++/4.2.1
Apple LLVM version 7.0.0 (clang-700.1.76)
Target: x86_64-apple-darwin14.5.0
Thread model: posix
configure:3053: $? = 0
configure:3060: gcc -v >&5
Configured with: --prefix=/Applications/Xcode.app/Contents/Developer/usr --with-gxx-include-dir=/usr/include/c++/4.2.1
Apple LLVM version 7.0.0 (clang-700.1.76)
Target: x86_64-apple-darwin14.5.0
Thread model: posix
configure:3063: $? = 0
configure:3070: gcc -V >&5
clang: error: argument to '-V' is missing (expected 1 value)
clang: error: no input files
configure:3073: $? = 1
configure:3096: checking for C compiler default output file name
configure:3123: gcc    conftest.c  >&5
configure:3126: $? = 0
configure:3164: result: a.out
configure:3181: checking whether the C compiler works
configure:3191: ./a.out
configure:3194: $? = 0
configure:3211: result: yes
configure:3218: checking whether we are cross compiling
configure:3220: result: no
configure:3223: checking for suffix of executables
configure:3230: gcc -o conftest    conftest.c  >&5
configure:3233: $? = 0
configure:3257: result: 
configure:3263: checking for suffix of object files
configure:3289: gcc -c   conftest.c >&5
configure:3292: $? = 0
configure:3315: result: o
configure:3319: checking whether we are using the GNU C compiler
configure:3348: gcc -c   conftest.c >&5
configure:3354: $? = 0
configure:3371: result: yes
configure:3376: checking whether gcc accepts -g
configure:3406: gcc -c -g  conftest.c >&5
configure:3412: $? = 0
configure:3511: result: yes
configure:3528: checking for gcc option to accept ISO C89
configure:3602: gcc  -c -g -O2  conftest.c >&5
configure:3608: $? = 0
configure:3631: result: none needed
configure:3651: checking dependency style of gcc
configure:3741: result: gcc3
configure:3759: checking whether gcc and cc understand -c and -o together
configure:3794: gcc -c conftest.c -o conftest2.o >&5
configure:3797: $? = 0
configure:3803: gcc -c conftest.c -o conftest2.o >&5
configure:3806: $? = 0
configure:3817: cc -c conftest.c >&5
configure:3820: $? = 0
configure:3828: cc -c conftest.c -o conftest2.o >&5
configure:3831: $? = 0
configure:3837: cc -c conftest.c -o conftest2.o >&5
configure:3840: $? = 0
configure:3858: result: yes
configure:3941: checking for g++
configure:3957: found /usr/bin/g++
configure:3968: result: g++
configure:3999: checking for C++ compiler version
configure:4006: g++ --version >&5
Configured with: --prefix=/Applications/Xcode.app/Contents/Developer/usr --with-gxx-include-dir=/usr/include/c++/4.2.1
Apple LLVM version 7.0.0 (clang-700.1.76)
Target: x86_64-apple-darwin14.5.0
Thread model: posix
configure:4009: $? = 0
configure:4016: g++ -v >&5
Configured with: --prefix=/Applications/Xcode.app/Contents/Developer/usr --with-gxx-include-dir=/usr/include/c++/4.2.1
Apple LLVM version 7.0.0 (clang-700.1.76)
Target: x86_64-apple-darwin14.5.0
Thread model: posix
configure:4019: $? = 0
configure:4026: g++ -V >&5
clang: error: argument to '-V' is missing (expected 1 value)
clang: error: no input files
configure:4029: $? = 1
configure:4032: checking whether we are using the GNU C++ compiler
configure:4061: g++ -c   conftest.cpp >&5
configure:4067: $? = 0
configure:4084: result: yes
configure:4089: checking whether g++ accepts -g
configure:4119: g++ -c -g  conftest.cpp >&5
configure:4125: $? = 0
configure:4224: result: yes
configure:4249: checking dependency style of g++
configure:4339: result: gcc3
configure:4408: checking for ar
configure:4424: found /usr/bin/ar
configure:4435: result: ar
configure:4504: checking for ranlib
configure:4520: found /usr/bin/ranlib
configure:4531: result: ranlib
configure:4571: checking for a BSD-compatible install
configure:4627: result: /usr/bin/install -c
configure:4648: checking for thread model used by GCC
configure:4654: result: posix
configure:4874: WARNING: "Explict GC_INIT() calls may be required."
configure:5440: checking for x86_thread_state32_t.eax
configure:5470: gcc -c -g -O2  conftest.c >&5
conftest.c:21:13: error: no member named 'eax' in 'struct __darwin_i386_thread_state'
if (ac_aggr.eax)
    ~~~~~~~ ^
1 error generated.
configure:5476: $? = 1
configure: failed program was:
| /* confdefs.h.  */
| #define PACKAGE_NAME "gc"
| #define PACKAGE_TARNAME "gc"
| #define PACKAGE_VERSION "7.1"
| #define PACKAGE_STRING "gc 7.1"
| #define PACKAGE_BUGREPORT "Hans.Boehm@hp.com"
| #define GC_VERSION_MAJOR 7
| #define GC_VERSION_MINOR 1
| #define PACKAGE "gc"
| #define VERSION "7.1"
| #define GC_DARWIN_THREADS 1
| #define THREAD_LOCAL_ALLOC 1
| /* end confdefs.h.  */
| #include <sys/cdefs.h>
|       #include <mach/thread_status.h>
| 
| int
| main ()
| {
| static x86_thread_state32_t ac_aggr;
| if (ac_aggr.eax)
| return 0;
|   ;
|   return 0;
| }
configure:5511: gcc -c -g -O2  conftest.c >&5
conftest.c:21:20: error: no member named 'eax' in 'struct __darwin_i386_thread_state'
if (sizeof ac_aggr.eax)
           ~~~~~~~ ^
1 error generated.
configure:5517: $? = 1
configure: failed program was:
| /* confdefs.h.  */
| #define PACKAGE_NAME "gc"
| #define PACKAGE_TARNAME "gc"
| #define PACKAGE_VERSION "7.1"
| #define PACKAGE_STRING "gc 7.1"
| #define PACKAGE_BUGREPORT "Hans.Boehm@hp.com"
| #define GC_VERSION_MAJOR 7
| #define GC_VERSION_MINOR 1
| #define PACKAGE "gc"
| #define VERSION "7.1"
| #define GC_DARWIN_THREADS 1
| #define THREAD_LOCAL_ALLOC 1
| /* end confdefs.h.  */
| #include <sys/cdefs.h>
|       #include <mach/thread_status.h>
| 
| int
| main ()
| {
| static x86_thread_state32_t ac_aggr;
| if (sizeof ac_aggr.eax)
| return 0;
|   ;
|   return 0;
| }
configure:5535: result: no
configure:5545: checking for x86_thread_state32_t.__eax
configure:5575: gcc -c -g -O2  conftest.c >&5
configure:5581: $? = 0
configure:5640: result: yes
configure:5866: checking for xlc
configure:5893: gcc -c -g -O2  conftest.c >&5
conftest.c:21:4: error: 
 # error
   ^
1 error generated.
configure:5899: $? = 1
configure: failed program was:
| /* confdefs.h.  */
| #define PACKAGE_NAME "gc"
| #define PACKAGE_TARNAME "gc"
| #define PACKAGE_VERSION "7.1"
| #define PACKAGE_STRING "gc 7.1"
| #define PACKAGE_BUGREPORT "Hans.Boehm@hp.com"
| #define GC_VERSION_MAJOR 7
| #define GC_VERSION_MINOR 1
| #define PACKAGE "gc"
| #define VERSION "7.1"
| #define GC_DARWIN_THREADS 1
| #define THREAD_LOCAL_ALLOC 1
| #define HAS_X86_THREAD_STATE32___EAX 1
| /* end confdefs.h.  */
| 
| int
| main ()
| {
| 
|  #ifndef __xlC__
|  # error
|  #endif
| 
|   ;
|   return 0;
| }
configure:5913: result: no
configure:6080: checking whether to build shared libraries
configure:6115: result: yes
configure:6120: checking which machine-dependent code should be used
configure:6179: result: 
configure:6235: checking for a sed that does not truncate output
configure:6289: result: /usr/bin/sed
configure:6292: checking for grep that handles long lines and -e
configure:6366: result: /usr/bin/grep
configure:6371: checking for egrep
configure:6449: result: /usr/bin/grep -E
configure:6465: checking for ld used by gcc
configure:6532: result: /Applications/Xcode.app/Contents/Developer/Toolchains/XcodeDefault.xctoolchain/usr/bin/ld
configure:6541: checking if the linker (/Applications/Xcode.app/Contents/Developer/Toolchains/XcodeDefault.xctoolchain/usr/bin/ld) is GNU ld
configure:6556: result: no
configure:6561: checking for /Applications/Xcode.app/Contents/Developer/Toolchains/XcodeDefault.xctoolchain/usr/bin/ld option to reload object files
configure:6568: result: -r
configure:6586: checking for BSD-compatible nm
configure:6635: result: /usr/bin/nm
configure:6639: checking whether ln -s works
configure:6643: result: yes
configure:6650: checking how to recognise dependent libraries
configure:6826: result: pass_all
configure:7059: checking how to run the C preprocessor
configure:7099: gcc -E  conftest.c
configure:7105: $? = 0
configure:7136: gcc -E  conftest.c
conftest.c:15:10: fatal error: 'ac_nonexistent.h' file not found
#include <ac_nonexistent.h>
         ^
1 error generated.
configure:7142: $? = 1
configure: failed program was:
| /* confdefs.h.  */
| #define PACKAGE_NAME "gc"
| #define PACKAGE_TARNAME "gc"
| #define PACKAGE_VERSION "7.1"
| #define PACKAGE_STRING "gc 7.1"
| #define PACKAGE_BUGREPORT "Hans.Boehm@hp.com"
| #define GC_VERSION_MAJOR 7
| #define GC_VERSION_MINOR 1
| #define PACKAGE "gc"
| #define VERSION "7.1"
| #define GC_DARWIN_THREADS 1
| #define THREAD_LOCAL_ALLOC 1
| #define HAS_X86_THREAD_STATE32___EAX 1
| /* end confdefs.h.  */
| #include <ac_nonexistent.h>
configure:7175: result: gcc -E
configure:7204: gcc -E  conftest.c
configure:7210: $? = 0
configure:7241: gcc -E  conftest.c
conftest.c:15:10: fatal error: 'ac_nonexistent.h' file not found
#include <ac_nonexistent.h>
         ^
1 error generated.
configure:7247: $? = 1
configure: failed program was:
| /* confdefs.h.  */
| #define PACKAGE_NAME "gc"
| #define PACKAGE_TARNAME "gc"
| #define PACKAGE_VERSION "7.1"
| #define PACKAGE_STRING "gc 7.1"
| #define PACKAGE_BUGREPORT "Hans.Boehm@hp.com"
| #define GC_VERSION_MAJOR 7
| #define GC_VERSION_MINOR 1
| #define PACKAGE "gc"
| #define VERSION "7.1"
| #define GC_DARWIN_THREADS 1
| #define THREAD_LOCAL_ALLOC 1
| #define HAS_X86_THREAD_STATE32___EAX 1
| /* end confdefs.h.  */
| #include <ac_nonexistent.h>
configure:7285: checking for ANSI C header files
configure:7315: gcc -c -g -O2  conftest.c >&5
configure:7321: $? = 0
configure:7420: gcc -o conftest -g -O2   conftest.c  >&5
configure:7423: $? = 0
configure:7429: ./conftest
configure:7432: $? = 0
configure:7449: result: yes
configure:7473: checking for sys/types.h
configure:7494: gcc -c -g -O2  conftest.c >&5
configure:7500: $? = 0
configure:7516: result: yes
configure:7473: checking for sys/stat.h
configure:7494: gcc -c -g -O2  conftest.c >&5
configure:7500: $? = 0
configure:7516: result: yes
configure:7473: checking for stdlib.h
configure:7494: gcc -c -g -O2  conftest.c >&5
configure:7500: $? = 0
configure:7516: result: yes
configure:7473: checking for string.h
configure:7494: gcc -c -g -O2  conftest.c >&5
configure:7500: $? = 0
configure:7516: result: yes
configure:7473: checking for memory.h
configure:7494: gcc -c -g -O2  conftest.c >&5
configure:7500: $? = 0
configure:7516: result: yes
configure:7473: checking for strings.h
configure:7494: gcc -c -g -O2  conftest.c >&5
configure:7500: $? = 0
configure:7516: result: yes
configure:7473: checking for inttypes.h
configure:7494: gcc -c -g -O2  conftest.c >&5
configure:7500: $? = 0
configure:7516: result: yes
configure:7473: checking for stdint.h
configure:7494: gcc -c -g -O2  conftest.c >&5
configure:7500: $? = 0
configure:7516: result: yes
configure:7473: checking for unistd.h
configure:7494: gcc -c -g -O2  conftest.c >&5
configure:7500: $? = 0
configure:7516: result: yes
configure:7543: checking dlfcn.h usability
configure:7560: gcc -c -g -O2  conftest.c >&5
configure:7566: $? = 0
configure:7580: result: yes
configure:7584: checking dlfcn.h presence
configure:7599: gcc -E  conftest.c
configure:7605: $? = 0
configure:7619: result: yes
configure:7652: checking for dlfcn.h
configure:7660: result: yes
configure:7683: checking how to run the C++ preprocessor
configure:7719: g++ -E  conftest.cpp
configure:7725: $? = 0
configure:7756: g++ -E  conftest.cpp
conftest.cpp:26:10: fatal error: 'ac_nonexistent.h' file not found
#include <ac_nonexistent.h>
         ^
1 error generated.
configure:7762: $? = 1
configure: failed program was:
| /* confdefs.h.  */
| #define PACKAGE_NAME "gc"
| #define PACKAGE_TARNAME "gc"
| #define PACKAGE_VERSION "7.1"
| #define PACKAGE_STRING "gc 7.1"
| #define PACKAGE_BUGREPORT "Hans.Boehm@hp.com"
| #define GC_VERSION_MAJOR 7
| #define GC_VERSION_MINOR 1
| #define PACKAGE "gc"
| #define VERSION "7.1"
| #define GC_DARWIN_THREADS 1
| #define THREAD_LOCAL_ALLOC 1
| #define HAS_X86_THREAD_STATE32___EAX 1
| #define STDC_HEADERS 1
| #define HAVE_SYS_TYPES_H 1
| #define HAVE_SYS_STAT_H 1
| #define HAVE_STDLIB_H 1
| #define HAVE_STRING_H 1
| #define HAVE_MEMORY_H 1
| #define HAVE_STRINGS_H 1
| #define HAVE_INTTYPES_H 1
| #define HAVE_STDINT_H 1
| #define HAVE_UNISTD_H 1
| #define HAVE_DLFCN_H 1
| /* end confdefs.h.  */
| #include <ac_nonexistent.h>
configure:7795: result: g++ -E
configure:7824: g++ -E  conftest.cpp
configure:7830: $? = 0
configure:7861: g++ -E  conftest.cpp
conftest.cpp:26:10: fatal error: 'ac_nonexistent.h' file not found
#include <ac_nonexistent.h>
         ^
1 error generated.
configure:7867: $? = 1
configure: failed program was:
| /* confdefs.h.  */
| #define PACKAGE_NAME "gc"
| #define PACKAGE_TARNAME "gc"
| #define PACKAGE_VERSION "7.1"
| #define PACKAGE_STRING "gc 7.1"
| #define PACKAGE_BUGREPORT "Hans.Boehm@hp.com"
| #define GC_VERSION_MAJOR 7
| #define GC_VERSION_MINOR 1
| #define PACKAGE "gc"
| #define VERSION "7.1"
| #define GC_DARWIN_THREADS 1
| #define THREAD_LOCAL_ALLOC 1
| #define HAS_X86_THREAD_STATE32___EAX 1
| #define STDC_HEADERS 1
| #define HAVE_SYS_TYPES_H 1
| #define HAVE_SYS_STAT_H 1
| #define HAVE_STDLIB_H 1
| #define HAVE_STRING_H 1
| #define HAVE_MEMORY_H 1
| #define HAVE_STRINGS_H 1
| #define HAVE_INTTYPES_H 1
| #define HAVE_STDINT_H 1
| #define HAVE_UNISTD_H 1
| #define HAVE_DLFCN_H 1
| /* end confdefs.h.  */
| #include <ac_nonexistent.h>
configure:7960: checking for g77
configure:7990: result: no
configure:7960: checking for xlf
configure:7990: result: no
configure:7960: checking for f77
configure:7990: result: no
configure:7960: checking for frt
configure:7990: result: no
configure:7960: checking for pgf77
configure:7990: result: no
configure:7960: checking for cf77
configure:7990: result: no
configure:7960: checking for fort77
configure:7990: result: no
configure:7960: checking for fl32
configure:7990: result: no
configure:7960: checking for af77
configure:7990: result: no
configure:7960: checking for xlf90
configure:7990: result: no
configure:7960: checking for f90
configure:7990: result: no
configure:7960: checking for pgf90
configure:7990: result: no
configure:7960: checking for pghpf
configure:7990: result: no
configure:7960: checking for epcf90
configure:7990: result: no
configure:7960: checking for gfortran
configure:7976: found /usr/local/bin/gfortran
configure:7987: result: gfortran
configure:8017: checking for Fortran 77 compiler version
configure:8024: gfortran --version >&5
GNU Fortran (Homebrew gcc 5.2.0) 5.2.0
Copyright (C) 2015 Free Software Foundation, Inc.

GNU Fortran comes with NO WARRANTY, to the extent permitted by law.
You may redistribute copies of GNU Fortran
under the terms of the GNU General Public License.
For more information about these matters, see the file named COPYING

configure:8027: $? = 0
configure:8034: gfortran -v >&5
Using built-in specs.
COLLECT_GCC=gfortran
COLLECT_LTO_WRAPPER=/usr/local/Cellar/gcc/5.2.0/libexec/gcc/x86_64-apple-darwin14.4.0/5.2.0/lto-wrapper
Target: x86_64-apple-darwin14.4.0
Configured with: ../configure --build=x86_64-apple-darwin14.4.0 --prefix=/usr/local/Cellar/gcc/5.2.0 --libdir=/usr/local/Cellar/gcc/5.2.0/lib/gcc/5 --enable-languages=c,c++,objc,obj-c++,fortran --program-suffix=-5 --with-gmp=/usr/local/opt/gmp --with-mpfr=/usr/local/opt/mpfr --with-mpc=/usr/local/opt/libmpc --with-isl=/usr/local/opt/isl --with-system-zlib --enable-libstdcxx-time=yes --enable-stage1-checking --enable-checking=release --enable-lto --with-build-config=bootstrap-debug --disable-werror --with-pkgversion='Homebrew gcc 5.2.0' --with-bugurl=https://github.com/Homebrew/homebrew/issues --enable-plugin --disable-nls --enable-multilib
Thread model: posix
gcc version 5.2.0 (Homebrew gcc 5.2.0) 
configure:8037: $? = 0
configure:8044: gfortran -V >&5
gfortran: error: unrecognized command line option '-V'
gfortran: fatal error: no input files
compilation terminated.
configure:8047: $? = 1
configure:8055: checking whether we are using the GNU Fortran 77 compiler
configure:8074: gfortran -c  conftest.F >&5
configure:8080: $? = 0
configure:8097: result: yes
configure:8103: checking whether gfortran accepts -g
configure:8120: gfortran -c -g conftest.f >&5
configure:8126: $? = 0
configure:8142: result: yes
configure:8172: checking the maximum length of command line arguments
configure:8281: result: 196608
configure:8292: checking command to parse /usr/bin/nm output from gcc object
configure:8397: gcc -c -g -O2  conftest.c >&5
configure:8400: $? = 0
configure:8404: /usr/bin/nm conftest.o \| sed -n -e 's/^.*[ 	]\([BCDEGRST][BCDEGRST]*\)[ 	][ 	]*\([_A-Za-z][_A-Za-z0-9]*\)$/\1 \2 \2/p' \> conftest.nm
configure:8407: $? = 0
cannot find nm_test_var in conftest.nm
configure:8397: gcc -c -g -O2  conftest.c >&5
configure:8400: $? = 0
configure:8404: /usr/bin/nm conftest.o \| sed -n -e 's/^.*[ 	]\([BCDEGRST][BCDEGRST]*\)[ 	][ 	]*_\([_A-Za-z][_A-Za-z0-9]*\)$/\1 _\2 \2/p' \> conftest.nm
configure:8407: $? = 0
configure:8459: gcc -o conftest -g -O2   conftest.c conftstm.o >&5
warning: (x86_64)  could not find object file symbol for symbol _main
configure:8462: $? = 0
configure:8500: result: ok
configure:8504: checking for objdir
configure:8519: result: .libs
configure:8611: checking for ar
configure:8638: result: ar
configure:8707: checking for ranlib
configure:8734: result: ranlib
configure:8803: checking for strip
configure:8819: found /usr/bin/strip
configure:8830: result: strip
configure:9120: checking if gcc supports -fno-rtti -fno-exceptions
configure:9138: gcc -c -g -O2  -fno-rtti -fno-exceptions conftest.c >&5
configure:9142: $? = 0
configure:9155: result: yes
configure:9170: checking for gcc option to produce PIC
configure:9380: result: -fno-common
configure:9388: checking if gcc PIC flag -fno-common works
configure:9406: gcc -c -g -O2  -fno-common -DPIC conftest.c >&5
configure:9410: $? = 0
configure:9423: result: yes
configure:9451: checking if gcc static flag -static works
configure:9479: result: no
configure:9489: checking if gcc supports -c -o file.o
configure:9510: gcc -c -g -O2  -o out/conftest2.o conftest.c >&5
configure:9514: $? = 0
configure:9536: result: yes
configure:9562: checking whether the gcc linker (/Applications/Xcode.app/Contents/Developer/Toolchains/XcodeDefault.xctoolchain/usr/bin/ld) supports shared libraries
configure:10516: result: yes
configure:10583: checking dynamic linker characteristics
configure:11171: result: darwin14.5.0 dyld
configure:11180: checking how to hardcode library paths into programs
configure:11205: result: immediate
configure:11219: checking whether stripping libraries is possible
configure:11232: result: yes
configure:12025: checking if libtool supports shared libraries
configure:12027: result: yes
configure:12030: checking whether to build shared libraries
configure:12051: result: yes
configure:12054: checking whether to build static libraries
configure:12058: result: yes
configure:12150: creating libtool
configure:12738: checking for ld used by g++
configure:12805: result: /Applications/Xcode.app/Contents/Developer/Toolchains/XcodeDefault.xctoolchain/usr/bin/ld
configure:12814: checking if the linker (/Applications/Xcode.app/Contents/Developer/Toolchains/XcodeDefault.xctoolchain/usr/bin/ld) is GNU ld
configure:12829: result: no
configure:12880: checking whether the g++ linker (/Applications/Xcode.app/Contents/Developer/Toolchains/XcodeDefault.xctoolchain/usr/bin/ld) supports shared libraries
configure:13814: result: yes
configure:13836: g++ -c -g -O2  conftest.cpp >&5
configure:13839: $? = 0
configure:13958: checking for g++ option to produce PIC
configure:14232: result: -fno-common
configure:14240: checking if g++ PIC flag -fno-common works
configure:14258: g++ -c -g -O2  -fno-common -DPIC conftest.cpp >&5
configure:14262: $? = 0
configure:14275: result: yes
configure:14303: checking if g++ static flag -static works
configure:14331: result: no
configure:14341: checking if g++ supports -c -o file.o
configure:14362: g++ -c -g -O2  -o out/conftest2.o conftest.cpp >&5
configure:14366: $? = 0
configure:14388: result: yes
configure:14414: checking whether the g++ linker (/Applications/Xcode.app/Contents/Developer/Toolchains/XcodeDefault.xctoolchain/usr/bin/ld) supports shared libraries
configure:14439: result: yes
configure:14506: checking dynamic linker characteristics
configure:15094: result: darwin14.5.0 dyld
configure:15103: checking how to hardcode library paths into programs
configure:15128: result: immediate
configure:15654: checking if libtool supports shared libraries
configure:15656: result: yes
configure:15659: checking whether to build shared libraries
configure:15679: result: yes
configure:15682: checking whether to build static libraries
configure:15686: result: yes
configure:15696: checking for gfortran option to produce PIC
configure:15906: result: -fno-common
configure:15914: checking if gfortran PIC flag -fno-common works
configure:15932: gfortran -c -g -O2 -fno-common conftest.f >&5
configure:15936: $? = 0
configure:15949: result: yes
configure:15977: checking if gfortran static flag -static works
configure:16005: result: no
configure:16015: checking if gfortran supports -c -o file.o
configure:16036: gfortran -c -g -O2 -o out/conftest2.o conftest.f >&5
configure:16040: $? = 0
configure:16062: result: yes
configure:16088: checking whether the gfortran linker (/Applications/Xcode.app/Contents/Developer/Toolchains/XcodeDefault.xctoolchain/usr/bin/ld) supports shared libraries
configure:17022: result: yes
configure:17089: checking dynamic linker characteristics
configure:17677: result: darwin14.5.0 dyld
configure:17686: checking how to hardcode library paths into programs
configure:17711: result: immediate
configure:21287: checking sys/dg_sys_info.h usability
configure:21304: gcc -c -g -O2  conftest.c >&5
conftest.c:59:10: fatal error: 'sys/dg_sys_info.h' file not found
#include <sys/dg_sys_info.h>
         ^
1 error generated.
configure:21310: $? = 1
configure: failed program was:
| /* confdefs.h.  */
| #define PACKAGE_NAME "gc"
| #define PACKAGE_TARNAME "gc"
| #define PACKAGE_VERSION "7.1"
| #define PACKAGE_STRING "gc 7.1"
| #define PACKAGE_BUGREPORT "Hans.Boehm@hp.com"
| #define GC_VERSION_MAJOR 7
| #define GC_VERSION_MINOR 1
| #define PACKAGE "gc"
| #define VERSION "7.1"
| #define GC_DARWIN_THREADS 1
| #define THREAD_LOCAL_ALLOC 1
| #define HAS_X86_THREAD_STATE32___EAX 1
| #define STDC_HEADERS 1
| #define HAVE_SYS_TYPES_H 1
| #define HAVE_SYS_STAT_H 1
| #define HAVE_STDLIB_H 1
| #define HAVE_STRING_H 1
| #define HAVE_MEMORY_H 1
| #define HAVE_STRINGS_H 1
| #define HAVE_INTTYPES_H 1
| #define HAVE_STDINT_H 1
| #define HAVE_UNISTD_H 1
| #define HAVE_DLFCN_H 1
| /* end confdefs.h.  */
| #include <stdio.h>
| #ifdef HAVE_SYS_TYPES_H
| # include <sys/types.h>
| #endif
| #ifdef HAVE_SYS_STAT_H
| # include <sys/stat.h>
| #endif
| #ifdef STDC_HEADERS
| # include <stdlib.h>
| # include <stddef.h>
| #else
| # ifdef HAVE_STDLIB_H
| #  include <stdlib.h>
| # endif
| #endif
| #ifdef HAVE_STRING_H
| # if !defined STDC_HEADERS && defined HAVE_MEMORY_H
| #  include <memory.h>
| # endif
| # include <string.h>
| #endif
| #ifdef HAVE_STRINGS_H
| # include <strings.h>
| #endif
| #ifdef HAVE_INTTYPES_H
| # include <inttypes.h>
| #endif
| #ifdef HAVE_STDINT_H
| # include <stdint.h>
| #endif
| #ifdef HAVE_UNISTD_H
| # include <unistd.h>
| #endif
| #include <sys/dg_sys_info.h>
configure:21324: result: no
configure:21328: checking sys/dg_sys_info.h presence
configure:21343: gcc -E  conftest.c
conftest.c:26:10: fatal error: 'sys/dg_sys_info.h' file not found
#include <sys/dg_sys_info.h>
         ^
1 error generated.
configure:21349: $? = 1
configure: failed program was:
| /* confdefs.h.  */
| #define PACKAGE_NAME "gc"
| #define PACKAGE_TARNAME "gc"
| #define PACKAGE_VERSION "7.1"
| #define PACKAGE_STRING "gc 7.1"
| #define PACKAGE_BUGREPORT "Hans.Boehm@hp.com"
| #define GC_VERSION_MAJOR 7
| #define GC_VERSION_MINOR 1
| #define PACKAGE "gc"
| #define VERSION "7.1"
| #define GC_DARWIN_THREADS 1
| #define THREAD_LOCAL_ALLOC 1
| #define HAS_X86_THREAD_STATE32___EAX 1
| #define STDC_HEADERS 1
| #define HAVE_SYS_TYPES_H 1
| #define HAVE_SYS_STAT_H 1
| #define HAVE_STDLIB_H 1
| #define HAVE_STRING_H 1
| #define HAVE_MEMORY_H 1
| #define HAVE_STRINGS_H 1
| #define HAVE_INTTYPES_H 1
| #define HAVE_STDINT_H 1
| #define HAVE_UNISTD_H 1
| #define HAVE_DLFCN_H 1
| /* end confdefs.h.  */
| #include <sys/dg_sys_info.h>
configure:21363: result: no
configure:21396: checking for sys/dg_sys_info.h
configure:21403: result: no
configure:21450: checking whether Solaris gcc optimization fix is necessary
configure:21473: result: no
configure:21788: checking atomic_ops.h usability
configure:21805: gcc -c -g -O2  conftest.c >&5
conftest.c:64:10: fatal error: 'atomic_ops.h' file not found
#include <atomic_ops.h>
         ^
1 error generated.
configure:21811: $? = 1
configure: failed program was:
| /* confdefs.h.  */
| #define PACKAGE_NAME "gc"
| #define PACKAGE_TARNAME "gc"
| #define PACKAGE_VERSION "7.1"
| #define PACKAGE_STRING "gc 7.1"
| #define PACKAGE_BUGREPORT "Hans.Boehm@hp.com"
| #define GC_VERSION_MAJOR 7
| #define GC_VERSION_MINOR 1
| #define PACKAGE "gc"
| #define VERSION "7.1"
| #define GC_DARWIN_THREADS 1
| #define THREAD_LOCAL_ALLOC 1
| #define HAS_X86_THREAD_STATE32___EAX 1
| #define STDC_HEADERS 1
| #define HAVE_SYS_TYPES_H 1
| #define HAVE_SYS_STAT_H 1
| #define HAVE_STDLIB_H 1
| #define HAVE_STRING_H 1
| #define HAVE_MEMORY_H 1
| #define HAVE_STRINGS_H 1
| #define HAVE_INTTYPES_H 1
| #define HAVE_STDINT_H 1
| #define HAVE_UNISTD_H 1
| #define HAVE_DLFCN_H 1
| #define NO_EXECUTE_PERMISSION 1
| #define ALL_INTERIOR_POINTERS 1
| #define GC_GCJ_SUPPORT 1
| #define JAVA_FINALIZATION 1
| #define ATOMIC_UNCOLLECTABLE 1
| /* end confdefs.h.  */
| #include <stdio.h>
| #ifdef HAVE_SYS_TYPES_H
| # include <sys/types.h>
| #endif
| #ifdef HAVE_SYS_STAT_H
| # include <sys/stat.h>
| #endif
| #ifdef STDC_HEADERS
| # include <stdlib.h>
| # include <stddef.h>
| #else
| # ifdef HAVE_STDLIB_H
| #  include <stdlib.h>
| # endif
| #endif
| #ifdef HAVE_STRING_H
| # if !defined STDC_HEADERS && defined HAVE_MEMORY_H
| #  include <memory.h>
| # endif
| # include <string.h>
| #endif
| #ifdef HAVE_STRINGS_H
| # include <strings.h>
| #endif
| #ifdef HAVE_INTTYPES_H
| # include <inttypes.h>
| #endif
| #ifdef HAVE_STDINT_H
| # include <stdint.h>
| #endif
| #ifdef HAVE_UNISTD_H
| # include <unistd.h>
| #endif
| #include <atomic_ops.h>
configure:21825: result: no
configure:21829: checking atomic_ops.h presence
configure:21844: gcc -E  conftest.c
conftest.c:31:10: fatal error: 'atomic_ops.h' file not found
#include <atomic_ops.h>
         ^
1 error generated.
configure:21850: $? = 1
configure: failed program was:
| /* confdefs.h.  */
| #define PACKAGE_NAME "gc"
| #define PACKAGE_TARNAME "gc"
| #define PACKAGE_VERSION "7.1"
| #define PACKAGE_STRING "gc 7.1"
| #define PACKAGE_BUGREPORT "Hans.Boehm@hp.com"
| #define GC_VERSION_MAJOR 7
| #define GC_VERSION_MINOR 1
| #define PACKAGE "gc"
| #define VERSION "7.1"
| #define GC_DARWIN_THREADS 1
| #define THREAD_LOCAL_ALLOC 1
| #define HAS_X86_THREAD_STATE32___EAX 1
| #define STDC_HEADERS 1
| #define HAVE_SYS_TYPES_H 1
| #define HAVE_SYS_STAT_H 1
| #define HAVE_STDLIB_H 1
| #define HAVE_STRING_H 1
| #define HAVE_MEMORY_H 1
| #define HAVE_STRINGS_H 1
| #define HAVE_INTTYPES_H 1
| #define HAVE_STDINT_H 1
| #define HAVE_UNISTD_H 1
| #define HAVE_DLFCN_H 1
| #define NO_EXECUTE_PERMISSION 1
| #define ALL_INTERIOR_POINTERS 1
| #define GC_GCJ_SUPPORT 1
| #define JAVA_FINALIZATION 1
| #define ATOMIC_UNCOLLECTABLE 1
| /* end confdefs.h.  */
| #include <atomic_ops.h>
configure:21864: result: no
configure:21897: checking for atomic_ops.h
configure:21904: result: no
configure:21932: Using internal version of libatomic_ops
configure:22219: creating ./config.status

## ---------------------- ##
## Running config.status. ##
## ---------------------- ##

This file was extended by gc config.status 7.1, which was
generated by GNU Autoconf 2.61.  Invocation command line was

  CONFIG_FILES    = 
  CONFIG_HEADERS  = 
  CONFIG_LINKS    = 
  CONFIG_COMMANDS = 
  $ ./config.status 

on nouvelle-2.local

config.status:693: creating Makefile
config.status:693: creating bdw-gc.pc
config.status:878: executing depfiles commands
config.status:878: executing default commands
configure:23449: === configuring in libatomic_ops (/Users/peter/Repositories/thorn-llvm/gc-7.1/libatomic_ops)
configure:23552: running /bin/sh ./configure '--prefix=/usr/local'  --cache-file=/dev/null --srcdir=.

## ---------------- ##
## Cache variables. ##
## ---------------- ##

ac_cv_build=i386-apple-darwin14.5.0
ac_cv_c_compiler_gnu=yes
ac_cv_cxx_compiler_gnu=yes
ac_cv_env_CCASFLAGS_set=
ac_cv_env_CCASFLAGS_value=
ac_cv_env_CCAS_set=
ac_cv_env_CCAS_value=
ac_cv_env_CCC_set=
ac_cv_env_CCC_value=
ac_cv_env_CC_set=
ac_cv_env_CC_value=
ac_cv_env_CFLAGS_set=
ac_cv_env_CFLAGS_value=
ac_cv_env_CPPFLAGS_set=
ac_cv_env_CPPFLAGS_value=
ac_cv_env_CPP_set=
ac_cv_env_CPP_value=
ac_cv_env_CXXCPP_set=
ac_cv_env_CXXCPP_value=
ac_cv_env_CXXFLAGS_set=
ac_cv_env_CXXFLAGS_value=
ac_cv_env_CXX_set=
ac_cv_env_CXX_value=
ac_cv_env_F77_set=
ac_cv_env_F77_value=
ac_cv_env_FFLAGS_set=
ac_cv_env_FFLAGS_value=
ac_cv_env_LDFLAGS_set=
ac_cv_env_LDFLAGS_value=
ac_cv_env_LIBS_set=
ac_cv_env_LIBS_value=
ac_cv_env_build_alias_set=
ac_cv_env_build_alias_value=
ac_cv_env_host_alias_set=
ac_cv_env_host_alias_value=
ac_cv_env_target_alias_set=
ac_cv_env_target_alias_value=
ac_cv_f77_compiler_gnu=yes
ac_cv_header_atomic_ops_h=no
ac_cv_header_dlfcn_h=yes
ac_cv_header_inttypes_h=yes
ac_cv_header_memory_h=yes
ac_cv_header_stdc=yes
ac_cv_header_stdint_h=yes
ac_cv_header_stdlib_h=yes
ac_cv_header_string_h=yes
ac_cv_header_strings_h=yes
ac_cv_header_sys_dg_sys_info_h=no
ac_cv_header_sys_stat_h=yes
ac_cv_header_sys_types_h=yes
ac_cv_header_unistd_h=yes
ac_cv_host=i386-apple-darwin14.5.0
ac_cv_member_x86_thread_state32_t___eax=yes
ac_cv_member_x86_thread_state32_t_eax=no
ac_cv_objext=o
ac_cv_path_EGREP='/usr/bin/grep -E'
ac_cv_path_GREP=/usr/bin/grep
ac_cv_path_install='/usr/bin/install -c'
ac_cv_prog_AWK=awk
ac_cv_prog_CPP='gcc -E'
ac_cv_prog_CXXCPP='g++ -E'
ac_cv_prog_ac_ct_AR=ar
ac_cv_prog_ac_ct_CC=gcc
ac_cv_prog_ac_ct_CXX=g++
ac_cv_prog_ac_ct_F77=gfortran
ac_cv_prog_ac_ct_RANLIB=ranlib
ac_cv_prog_ac_ct_STRIP=strip
ac_cv_prog_cc_c89=
ac_cv_prog_cc_g=yes
ac_cv_prog_cc_gcc_c_o=yes
ac_cv_prog_cxx_g=yes
ac_cv_prog_f77_g=yes
ac_cv_prog_make_make_set=yes
ac_cv_target=i386-apple-darwin14.5.0
am_cv_CC_dependencies_compiler_type=gcc3
am_cv_CXX_dependencies_compiler_type=gcc3
lt_cv_deplibs_check_method=pass_all
lt_cv_file_magic_cmd='$MAGIC_CMD'
lt_cv_file_magic_test_file=
lt_cv_ld_reload_flag=-r
lt_cv_objdir=.libs
lt_cv_path_LD=/Applications/Xcode.app/Contents/Developer/Toolchains/XcodeDefault.xctoolchain/usr/bin/ld
lt_cv_path_LDCXX=/Applications/Xcode.app/Contents/Developer/Toolchains/XcodeDefault.xctoolchain/usr/bin/ld
lt_cv_path_NM=/usr/bin/nm
lt_cv_path_SED=/usr/bin/sed
lt_cv_prog_compiler_c_o=yes
lt_cv_prog_compiler_c_o_CXX=yes
lt_cv_prog_compiler_c_o_F77=yes
lt_cv_prog_compiler_rtti_exceptions=yes
lt_cv_prog_gnu_ld=no
lt_cv_prog_gnu_ldcxx=no
lt_cv_sys_global_symbol_pipe='sed -n -e '\''s/^.*[ 	]\([BCDEGRST][BCDEGRST]*\)[ 	][ 	]*_\([_A-Za-z][_A-Za-z0-9]*\)$/\1 _\2 \2/p'\'''
lt_cv_sys_global_symbol_to_c_name_address='sed -n -e '\''s/^: \([^ ]*\) $/  {\"\1\", (lt_ptr) 0},/p'\'' -e '\''s/^[BCDEGRST] \([^ ]*\) \([^ ]*\)$/  {"\2", (lt_ptr) \&\2},/p'\'''
lt_cv_sys_global_symbol_to_cdecl='sed -n -e '\''s/^. .* \(.*\)$/extern int \1;/p'\'''
lt_cv_sys_max_cmd_len=196608
lt_lt_cv_prog_compiler_c_o='"yes"'
lt_lt_cv_prog_compiler_c_o_CXX='"yes"'
lt_lt_cv_prog_compiler_c_o_F77='"yes"'
lt_lt_cv_sys_global_symbol_pipe='"sed -n -e '\''s/^.*[ 	]\\([BCDEGRST][BCDEGRST]*\\)[ 	][ 	]*_\\([_A-Za-z][_A-Za-z0-9]*\\)\$/\\1 _\\2 \\2/p'\''"'
lt_lt_cv_sys_global_symbol_to_c_name_address='"sed -n -e '\''s/^: \\([^ ]*\\) \$/  {\\\"\\1\\\", (lt_ptr) 0},/p'\'' -e '\''s/^[BCDEGRST] \\([^ ]*\\) \\([^ ]*\\)\$/  {\"\\2\", (lt_ptr) \\&\\2},/p'\''"'
lt_lt_cv_sys_global_symbol_to_cdecl='"sed -n -e '\''s/^. .* \\(.*\\)\$/extern int \\1;/p'\''"'

## ----------------- ##
## Output variables. ##
## ----------------- ##

ACLOCAL='${SHELL} /Users/peter/Repositories/thorn-llvm/gc-7.1/missing --run aclocal-1.9'
AMDEPBACKSLASH='\'
AMDEP_FALSE='#'
AMDEP_TRUE=''
AMTAR='${SHELL} /Users/peter/Repositories/thorn-llvm/gc-7.1/missing --run tar'
AR='ar'
AUTOCONF='${SHELL} /Users/peter/Repositories/thorn-llvm/gc-7.1/missing --run autoconf'
AUTOHEADER='${SHELL} /Users/peter/Repositories/thorn-llvm/gc-7.1/missing --run autoheader'
AUTOMAKE='${SHELL} /Users/peter/Repositories/thorn-llvm/gc-7.1/missing --run automake-1.9'
AVOID_CPP_LIB_FALSE=''
AVOID_CPP_LIB_TRUE='#'
AWK='awk'
CC='gcc'
CCAS='gcc'
CCASFLAGS='-g -O2'
CCDEPMODE='depmode=gcc3'
CFLAGS='-g -O2'
COMPILER_XLC_FALSE=''
COMPILER_XLC_TRUE='#'
CPLUSPLUS_FALSE=''
CPLUSPLUS_TRUE='#'
CPP='gcc -E'
CPPFLAGS=''
CXX='g++'
CXXCPP='g++ -E'
CXXDEPMODE='depmode=gcc3'
CXXFLAGS='-g -O2'
CXXINCLUDES=''
CYGPATH_W='echo'
DARWIN_THREADS_FALSE='#'
DARWIN_THREADS_TRUE=''
DEFS='-DPACKAGE_NAME=\"gc\" -DPACKAGE_TARNAME=\"gc\" -DPACKAGE_VERSION=\"7.1\" -DPACKAGE_STRING=\"gc\ 7.1\" -DPACKAGE_BUGREPORT=\"Hans.Boehm@hp.com\" -DGC_VERSION_MAJOR=7 -DGC_VERSION_MINOR=1 -DPACKAGE=\"gc\" -DVERSION=\"7.1\" -DGC_DARWIN_THREADS=1 -DTHREAD_LOCAL_ALLOC=1 -DHAS_X86_THREAD_STATE32___EAX=1 -DSTDC_HEADERS=1 -DHAVE_SYS_TYPES_H=1 -DHAVE_SYS_STAT_H=1 -DHAVE_STDLIB_H=1 -DHAVE_STRING_H=1 -DHAVE_MEMORY_H=1 -DHAVE_STRINGS_H=1 -DHAVE_INTTYPES_H=1 -DHAVE_STDINT_H=1 -DHAVE_UNISTD_H=1 -DHAVE_DLFCN_H=1 -DNO_EXECUTE_PERMISSION=1 -DALL_INTERIOR_POINTERS=1 -DGC_GCJ_SUPPORT=1 -DJAVA_FINALIZATION=1 -DATOMIC_UNCOLLECTABLE=1'
DEPDIR='.deps'
ECHO='/bin/echo'
ECHO_C='ECHO_N=''
ECHO_T=''
EGREP='/usr/bin/grep -E'
ENABLE_GCJ_SUPPORT_FALSE='#'
ENABLE_GCJ_SUPPORT_TRUE=''
EXEEXT=''
EXTRA_TEST_LIBS=''
F77='gfortran'
FFLAGS='-g -O2'
GC_CFLAGS=' -fexceptions -I libatomic_ops/src'
GC_VERSION=''
GREP='/usr/bin/grep'
INCLUDES='-I./include'
INSTALL_DATA='${INSTALL} -m 644'
INSTALL_PROGRAM='${INSTALL}'
INSTALL_SCRIPT='${INSTALL}'
INSTALL_STRIP_PROGRAM='${SHELL} $(install_sh) -c -s'
LDFLAGS=''
LIBOBJS=''
LIBS=''
LIBTOOL='$(SHELL) $(top_builddir)/libtool'
LN_S='ln -s'
LTLIBOBJS=''
MAINT='#'
MAINTAINER_MODE_FALSE=''
MAINTAINER_MODE_TRUE='#'
MAKEINFO='${SHELL} /Users/peter/Repositories/thorn-llvm/gc-7.1/missing --run makeinfo'
NEED_ATOMIC_OPS_ASM_FALSE=''
NEED_ATOMIC_OPS_ASM_TRUE='#'
OBJEXT='o'
PACKAGE='gc'
PACKAGE_BUGREPORT='Hans.Boehm@hp.com'
PACKAGE_NAME='gc'
PACKAGE_STRING='gc 7.1'
PACKAGE_TARNAME='gc'
PACKAGE_VERSION='7.1'
PATH_SEPARATOR=':'
PTHREADS_FALSE='#'
PTHREADS_TRUE=''
RANLIB='ranlib'
SET_MAKE=''
SHELL='/bin/sh'
STRIP='strip'
THREADDLLIBS='-lpthread'
THREADS_FALSE='#'
THREADS_TRUE=''
UNWINDLIBS=''
USE_INTERNAL_LIBATOMIC_OPS_FALSE='#'
USE_INTERNAL_LIBATOMIC_OPS_TRUE=''
USE_LIBDIR_FALSE='#'
USE_LIBDIR_TRUE=''
VERSION='7.1'
WIN32_THREADS_FALSE=''
WIN32_THREADS_TRUE='#'
ac_ct_CC='gcc'
ac_ct_CXX='g++'
ac_ct_F77='gfortran'
addlibs=''
addobjs=' mach_dep.lo'
am__fastdepCC_FALSE='#'
am__fastdepCC_TRUE=''
am__fastdepCXX_FALSE='#'
am__fastdepCXX_TRUE=''
am__include='include'
am__leading_dot='.'
am__quote=''
am__tar='${AMTAR} chof - "$$tardir"'
am__untar='${AMTAR} xf -'
atomic_ops_libs='-latomic_ops'
bindir='${exec_prefix}/bin'
build='i386-apple-darwin14.5.0'
build_alias=''
build_cpu='i386'
build_os='darwin14.5.0'
build_vendor='apple'
datadir='${datarootdir}'
datarootdir='${prefix}/share'
docdir='${datarootdir}/doc/${PACKAGE_TARNAME}'
dvidir='${docdir}'
exec_prefix='${prefix}'
extra_ldflags_libgc='-Wl,-single_module'
host='i386-apple-darwin14.5.0'
host_alias=''
host_cpu='i386'
host_os='darwin14.5.0'
host_vendor='apple'
htmldir='${docdir}'
includedir='${prefix}/include'
infodir='${datarootdir}/info'
install_sh='/Users/peter/Repositories/thorn-llvm/gc-7.1/install-sh'
libdir='${exec_prefix}/lib'
libexecdir='${exec_prefix}/libexec'
localedir='${datarootdir}/locale'
localstatedir='${prefix}/var'
mandir='${datarootdir}/man'
mkdir_p='$(mkinstalldirs)'
oldincludedir='/usr/include'
pdfdir='${docdir}'
prefix='/usr/local'
program_transform_name='s,x,x,'
psdir='${docdir}'
sbindir='${exec_prefix}/sbin'
sharedstatedir='${prefix}/com'
subdirs=' libatomic_ops'
sysconfdir='${prefix}/etc'
target='i386-apple-darwin14.5.0'
target_alias=''
target_all='libgc.la'
target_cpu='i386'
target_os='darwin14.5.0'
target_vendor='apple'

## ----------- ##
## confdefs.h. ##
## ----------- ##

#define PACKAGE_NAME "gc"
#define PACKAGE_TARNAME "gc"
#define PACKAGE_VERSION "7.1"
#define PACKAGE_STRING "gc 7.1"
#define PACKAGE_BUGREPORT "Hans.Boehm@hp.com"
#define GC_VERSION_MAJOR 7
#define GC_VERSION_MINOR 1
#define PACKAGE "gc"
#define VERSION "7.1"
#define GC_DARWIN_THREADS 1
#define THREAD_LOCAL_ALLOC 1
#define HAS_X86_THREAD_STATE32___EAX 1
#define STDC_HEADERS 1
#define HAVE_SYS_TYPES_H 1
#define HAVE_SYS_STAT_H 1
#define HAVE_STDLIB_H 1
#define HAVE_STRING_H 1
#define HAVE_MEMORY_H 1
#define HAVE_STRINGS_H 1
#define HAVE_INTTYPES_H 1
#define HAVE_STDINT_H 1
#define HAVE_UNISTD_H 1
#define HAVE_DLFCN_H 1
#define NO_EXECUTE_PERMISSION 1
#define ALL_INTERIOR_POINTERS 1
#define GC_GCJ_SUPPORT 1
#define JAVA_FINALIZATION 1
#define ATOMIC_UNCOLLECTABLE 1

configure: exit 0
